    Checking chat-global v0.1.0 (E:\Programacion\Rustacean\chat-global)
error: error communicating with database: No se puede establecer una conexi├│n ya que el equipo de destino deneg├│ expresamente dicha conexi├│n. (os error 10061)
  --> src\tables\user_db.rs:24:5
   |
24 | /     sqlx::query_as!(
25 | |         ChatMessage,
26 | |         r#"
27 | |         SELECT 
...  |
39 | |         limit
40 | |     )
   | |_____^
   |
   = note: this error originates in the macro `$crate::sqlx_macros::expand_query` which comes from the expansion of the macro `sqlx::query_as` (in Nightly builds, run with -Z macro-backtrace for more info)

error: error communicating with database: No se puede establecer una conexi├│n ya que el equipo de destino deneg├│ expresamente dicha conexi├│n. (os error 10061)
  --> src\tables\user_db.rs:49:5
   |
49 | /     sqlx::query_as!(
50 | |         User,
51 | |         "SELECT id, username, password_hash, created_at FROM app_users WHERE username = ?",
52 | |         name
53 | |     )
   | |_____^
   |
   = note: this error originates in the macro `$crate::sqlx_macros::expand_query` which comes from the expansion of the macro `sqlx::query_as` (in Nightly builds, run with -Z macro-backtrace for more info)

error: error communicating with database: No se puede establecer una conexi├│n ya que el equipo de destino deneg├│ expresamente dicha conexi├│n. (os error 10061)
  --> src\tables\user_db.rs:88:18
   |
88 |       let result = sqlx::query!(
   |  __________________^
89 | |         r#"
90 | |         INSERT INTO app_users (username, password_hash)
91 | |         VALUES (?, ?)
...  |
94 | |         hashed_password
95 | |     )
   | |_____^
   |
   = note: this error originates in the macro `$crate::sqlx_macros::expand_query` which comes from the expansion of the macro `sqlx::query` (in Nightly builds, run with -Z macro-backtrace for more info)

error: error communicating with database: No se puede establecer una conexi├│n ya que el equipo de destino deneg├│ expresamente dicha conexi├│n. (os error 10061)
   --> src\tables\user_db.rs:108:5
    |
108 | /     sqlx::query!(
109 | |         "INSERT INTO messages (user_id, content) VALUES (?, ?)",
110 | |         user_id,
111 | |         content
112 | |     )
    | |_____^
    |
    = note: this error originates in the macro `$crate::sqlx_macros::expand_query` which comes from the expansion of the macro `sqlx::query` (in Nightly builds, run with -Z macro-backtrace for more info)

error: error communicating with database: No se puede establecer una conexi├│n ya que el equipo de destino deneg├│ expresamente dicha conexi├│n. (os error 10061)
   --> src\tables\user_db.rs:125:5
    |
125 | /     sqlx::query!(
126 | |         "INSERT INTO sessions (token, user_id, expires_at) VALUES (?, ?, ?)",
127 | |         token,
128 | |         user_id,
129 | |         expires_at
130 | |     )
    | |_____^
    |
    = note: this error originates in the macro `$crate::sqlx_macros::expand_query` which comes from the expansion of the macro `sqlx::query` (in Nightly builds, run with -Z macro-backtrace for more info)

error: error communicating with database: No se puede establecer una conexi├│n ya que el equipo de destino deneg├│ expresamente dicha conexi├│n. (os error 10061)
   --> src\tables\user_db.rs:141:5
    |
141 | /     sqlx::query!(
142 | |         "DELETE FROM sessions WHERE token = ?",
143 | |         token
144 | |     )
    | |_____^
    |
    = note: this error originates in the macro `$crate::sqlx_macros::expand_query` which comes from the expansion of the macro `sqlx::query` (in Nightly builds, run with -Z macro-backtrace for more info)

error: error communicating with database: No se puede establecer una conexi├│n ya que el equipo de destino deneg├│ expresamente dicha conexi├│n. (os error 10061)
   --> src\tables\user_db.rs:155:5
    |
155 | /     sqlx::query!(
156 | |         "SELECT * FROM app_users WHERE username=? AND id=?",
157 | |         username,
158 | |         user_id
159 | |     )
    | |_____^
    |
    = note: this error originates in the macro `$crate::sqlx_macros::expand_query` which comes from the expansion of the macro `sqlx::query` (in Nightly builds, run with -Z macro-backtrace for more info)

error: error communicating with database: No se puede establecer una conexi├│n ya que el equipo de destino deneg├│ expresamente dicha conexi├│n. (os error 10061)
   --> src\tables\user_db.rs:168:18
    |
168 |       let result = sqlx::query!(
    |  __________________^
169 | |         "DELETE FROM sessions WHERE expires_at < ?",
170 | |         Utc::now()
171 | |     )
    | |_____^
    |
    = note: this error originates in the macro `$crate::sqlx_macros::expand_query` which comes from the expansion of the macro `sqlx::query` (in Nightly builds, run with -Z macro-backtrace for more info)

error: error communicating with database: No se puede establecer una conexi├│n ya que el equipo de destino deneg├│ expresamente dicha conexi├│n. (os error 10061)
   --> src\tables\user_db.rs:180:16
    |
180 |       let rows = sqlx::query!(
    |  ________________^
181 | |         "SELECT token FROM sessions WHERE expires_at > ?",
182 | |         Utc::now()
183 | |     )
    | |_____^
    |
    = note: this error originates in the macro `$crate::sqlx_macros::expand_query` which comes from the expansion of the macro `sqlx::query` (in Nightly builds, run with -Z macro-backtrace for more info)

error: error communicating with database: No se puede establecer una conexi├│n ya que el equipo de destino deneg├│ expresamente dicha conexi├│n. (os error 10061)
   --> src\tables\user_db.rs:194:5
    |
194 | /     sqlx::query_as!(
195 | |         User,
196 | |         r#"
197 | |         SELECT u.id, u.username, u.password_hash, u.created_at
...   |
203 | |         Utc::now()
204 | |     )
    | |_____^
    |
    = note: this error originates in the macro `$crate::sqlx_macros::expand_query` which comes from the expansion of the macro `sqlx::query_as` (in Nightly builds, run with -Z macro-backtrace for more info)

error: could not compile `chat-global` (bin "chat-global") due to 10 previous errors
